<?xml version="1.0" encoding="UTF-8"?>
<!-- Generated by org.testng.reporters.JUnitReportReporter -->
<testsuite skipped="0" hostname="RSIKHAKPF210PJ1" name="MavenJava.MavenTest.test2" tests="1" failures="0" timestamp="2021-05-29T18:30:00 IST" time="0.000" errors="0">
  <testcase name="firefoxbrowser" time="0.000" classname="MavenJava.MavenTest.test2"/>
  <system-out/>
</testsuite> <!-- MavenJava.MavenTest.test2 -->
